2025-09-17 14:59:30,827 - INFO - Spine自动化脚本初始化完成
2025-09-17 15:04:50,580 - INFO - 开始执行Spine自动化流程
2025-09-17 15:04:50,612 - ERROR - 查找窗口失败: module 'pygetwindow' has no attribute 'getWindowsWithTitle'
2025-09-17 15:04:50,612 - INFO - 未找到Spine窗口，将使用全屏操作
2025-09-17 15:04:50,612 - INFO - 步骤1: 点击筛选图标
2025-09-17 15:04:51,321 - WARNING - 未找到筛选图标
2025-09-17 15:04:51,321 - ERROR - 点击筛选图标失败
2025-09-17 15:06:26,589 - INFO - Spine自动化脚本初始化完成
2025-09-17 15:06:29,360 - INFO - 开始执行Spine自动化流程
2025-09-17 15:06:29,385 - ERROR - 查找窗口失败: module 'pygetwindow' has no attribute 'getWindowsWithTitle'
2025-09-17 15:06:29,385 - INFO - 未找到Spine窗口，将使用全屏操作
2025-09-17 15:06:29,385 - INFO - 步骤1: 点击筛选图标
2025-09-17 15:06:29,930 - WARNING - 未找到筛选图标
2025-09-17 15:06:29,930 - ERROR - 点击筛选图标失败
2025-09-17 15:07:10,478 - INFO - 开始执行Spine自动化流程
2025-09-17 15:07:10,478 - ERROR - 查找窗口失败: module 'pygetwindow' has no attribute 'getWindowsWithTitle'
2025-09-17 15:07:10,478 - INFO - 未找到Spine窗口，将使用全屏操作
2025-09-17 15:07:10,478 - INFO - 步骤1: 点击筛选图标
2025-09-17 15:07:10,948 - INFO - 找到模板匹配: templates/filter_icon.png, 置信度: 0.992, 位置: (2685, 196)
2025-09-17 15:07:10,948 - INFO - 点击位置: (2685, 196)
2025-09-17 15:07:13,507 - INFO - 步骤2: 点击网格菜单选项
2025-09-17 15:07:14,701 - WARNING - 未找到网格菜单选项
2025-09-17 15:07:14,702 - ERROR - 点击网格菜单选项失败
2025-09-17 15:07:26,024 - INFO - 开始执行Spine自动化流程
2025-09-17 15:07:26,024 - ERROR - 查找窗口失败: module 'pygetwindow' has no attribute 'getWindowsWithTitle'
2025-09-17 15:07:26,025 - INFO - 未找到Spine窗口，将使用全屏操作
2025-09-17 15:07:26,025 - INFO - 步骤1: 点击筛选图标
2025-09-17 15:07:26,549 - WARNING - 未找到筛选图标
2025-09-17 15:07:26,549 - ERROR - 点击筛选图标失败
2025-09-17 15:09:36,136 - INFO - Spine自动化脚本初始化完成
2025-09-17 15:09:36,162 - INFO - 找到Spine窗口: Google Chrome Spine 工具介绍
2025-09-17 15:11:24,382 - INFO - 开始执行Spine自动化流程
2025-09-17 15:11:24,382 - ERROR - 查找窗口失败: module 'pygetwindow' has no attribute 'getWindowsWithTitle'
2025-09-17 15:11:24,383 - INFO - 未找到Spine窗口，将使用全屏操作
2025-09-17 15:11:24,383 - INFO - 步骤1: 点击筛选图标
2025-09-17 15:11:24,873 - WARNING - 未找到筛选图标
2025-09-17 15:11:24,873 - ERROR - 点击筛选图标失败
2025-09-17 15:11:41,027 - INFO - Spine自动化脚本初始化完成
2025-09-17 15:11:43,382 - INFO - 开始执行Spine自动化流程
2025-09-17 15:11:43,453 - INFO - 找到Spine窗口: Google Chrome Spine 工具介绍
2025-09-17 15:11:43,453 - INFO - 未找到Spine窗口，将使用全屏操作
2025-09-17 15:11:43,453 - INFO - 步骤1: 点击筛选图标
2025-09-17 15:11:43,926 - WARNING - 未找到筛选图标
2025-09-17 15:11:43,926 - ERROR - 点击筛选图标失败
2025-09-17 15:12:12,357 - INFO - 开始执行Spine自动化流程
2025-09-17 15:12:12,359 - INFO - 找到Spine窗口: Spine Trial 
2025-09-17 15:12:12,359 - INFO - 未找到Spine窗口，将使用全屏操作
2025-09-17 15:12:12,359 - INFO - 步骤1: 点击筛选图标
2025-09-17 15:12:12,852 - INFO - 找到模板匹配: templates/filter_icon.png, 置信度: 0.992, 位置: (2685, 196)
2025-09-17 15:12:12,852 - INFO - 点击位置: (2685, 196)
2025-09-17 15:12:15,408 - INFO - 步骤2: 点击网格菜单选项
2025-09-17 15:12:16,567 - WARNING - 未找到网格菜单选项
2025-09-17 15:12:16,567 - ERROR - 点击网格菜单选项失败
2025-09-17 15:14:35,899 - INFO - Spine自动化脚本初始化完成
2025-09-17 15:14:37,523 - INFO - 开始执行Spine自动化流程
2025-09-17 15:14:37,594 - INFO - 找到Spine窗口: Spine Trial Spine
2025-09-17 15:14:37,594 - INFO - 未找到Spine窗口，将使用全屏操作
2025-09-17 15:14:37,594 - INFO - 步骤1: 点击筛选图标
2025-09-17 15:14:38,101 - WARNING - 未找到筛选图标
2025-09-17 15:14:38,101 - ERROR - 点击筛选图标失败
2025-09-17 15:15:18,353 - INFO - Spine自动化脚本初始化完成
2025-09-17 15:16:13,666 - INFO - Spine自动化脚本初始化完成
2025-09-17 15:16:21,244 - INFO - 开始执行Spine自动化流程
2025-09-17 15:16:21,309 - INFO - 找到Spine窗口: Spine Trial Spine
2025-09-17 15:16:21,309 - INFO - 未找到Spine窗口，将使用全屏操作
2025-09-17 15:16:21,309 - INFO - 步骤1: 点击筛选图标
2025-09-17 15:16:21,770 - WARNING - 未找到筛选图标
2025-09-17 15:16:21,770 - ERROR - 点击筛选图标失败
2025-09-17 15:18:07,138 - INFO - Spine自动化脚本初始化完成
2025-09-17 15:18:30,199 - INFO - 开始执行Spine自动化流程
2025-09-17 15:18:30,259 - INFO - 找到Spine窗口: Spine Trial Spine
2025-09-17 15:18:30,259 - INFO - 未找到Spine窗口，将使用全屏操作
2025-09-17 15:18:30,259 - INFO - 步骤1: 点击筛选图标
2025-09-17 15:18:30,741 - WARNING - 未找到筛选图标
2025-09-17 15:18:30,741 - ERROR - 点击筛选图标失败
2025-09-17 15:19:15,360 - INFO - Spine自动化脚本初始化完成
2025-09-17 15:19:18,585 - INFO - 开始执行Spine自动化流程
2025-09-17 15:19:18,638 - INFO - 找到Spine窗口: Spine Trial Spine
2025-09-17 15:19:18,638 - INFO - 未找到Spine窗口，将使用全屏操作
2025-09-17 15:19:18,639 - INFO - 步骤1: 点击筛选图标
2025-09-17 15:19:19,108 - WARNING - 未找到筛选图标
2025-09-17 15:19:19,109 - ERROR - 点击筛选图标失败
2025-09-17 15:24:20,207 - INFO - Spine自动化脚本初始化完成
2025-09-17 15:24:25,407 - INFO - 开始执行Spine自动化流程
2025-09-17 15:24:25,466 - INFO - 找到Spine窗口: Spine Trial Spine
2025-09-17 15:24:25,466 - INFO - 找到Spine窗口: <__main__.SpineAutomation object at 0x1165ef890>
2025-09-17 15:24:25,466 - INFO - 步骤1: 点击筛选图标
2025-09-17 15:24:25,466 - ERROR - 截图失败: 'SpineAutomation' object is not subscriptable
2025-09-17 15:24:25,466 - ERROR - 点击筛选图标失败
2025-09-17 16:14:14,163 - INFO - Spine自动化脚本初始化完成
2025-09-17 16:14:17,786 - INFO - 开始执行Spine自动化流程
2025-09-17 16:14:17,865 - INFO - 找到Spine窗口: Spine Trial Spine
2025-09-17 16:14:17,865 - INFO - 找到Spine窗口: <__main__.SpineAutomation object at 0x1133099d0>
2025-09-17 16:14:17,865 - INFO - 步骤1: 点击筛选图标
2025-09-17 16:15:41,564 - ERROR - 截图失败: 'SpineAutomation' object is not subscriptable
2025-09-17 16:15:41,564 - ERROR - 点击筛选图标失败
2025-09-17 16:18:03,680 - INFO - Spine自动化脚本初始化完成
2025-09-17 16:18:09,348 - INFO - 开始执行Spine自动化流程
2025-09-17 16:18:09,427 - INFO - 找到Spine窗口: Spine Trial Spine
2025-09-17 16:18:09,427 - INFO - 未找到Spine窗口，将使用全屏操作
2025-09-17 16:18:09,427 - INFO - 步骤1: 点击筛选图标
2025-09-17 16:54:30,165 - WARNING - 未找到筛选图标
2025-09-17 16:54:30,166 - ERROR - 点击筛选图标失败
2025-09-17 16:57:20,826 - INFO - Spine自动化脚本初始化完成
2025-09-17 16:57:23,528 - INFO - 开始执行Spine自动化流程
2025-09-17 16:57:23,617 - INFO - 找到Spine窗口: Spine Trial Spine
2025-09-17 16:57:23,617 - INFO - 未找到Spine窗口，将使用全屏操作
2025-09-17 16:57:23,617 - INFO - 步骤1: 点击筛选图标
2025-09-17 16:57:36,962 - INFO - 截图已保存到本地: screenshot_20250917_165735_197930.png
2025-09-17 16:59:34,199 - WARNING - 未找到筛选图标
2025-09-17 16:59:34,200 - ERROR - 点击筛选图标失败
2025-09-17 16:59:49,170 - INFO - 开始执行Spine自动化流程
2025-09-17 16:59:49,174 - INFO - 找到Spine窗口: Spine Trial Spine
2025-09-17 16:59:49,175 - INFO - 未找到Spine窗口，将使用全屏操作
2025-09-17 16:59:49,175 - INFO - 步骤1: 点击筛选图标
2025-09-17 16:59:55,389 - INFO - 截图已保存到本地: screenshot_20250917_165951_881803.png
2025-09-17 17:01:03,025 - INFO - 找到模板匹配: templates/filter_icon.png, 置信度: 0.992, 位置: (2685, 254)
2025-09-17 17:01:32,935 - INFO - 点击位置: (2685, 254)
2025-09-17 17:02:17,764 - INFO - 步骤2: 点击网格菜单选项
2025-09-17 17:02:29,476 - INFO - 截图已保存到本地: screenshot_20250917_170229_426882.png
2025-09-17 17:02:37,143 - WARNING - 未找到网格菜单选项
2025-09-17 17:02:37,144 - ERROR - 点击网格菜单选项失败
2025-09-17 17:04:49,608 - INFO - Spine自动化脚本初始化完成
2025-09-17 17:04:51,653 - INFO - 开始执行Spine自动化流程
2025-09-17 17:04:51,745 - INFO - 找到Spine窗口: Spine Trial Spine
2025-09-17 17:04:51,745 - INFO - 未找到Spine窗口，将使用全屏操作
2025-09-17 17:04:51,745 - INFO - 步骤1: 点击筛选图标
2025-09-17 17:04:51,992 - INFO - 截图已保存到本地: screenshot_20250917_170451_957457.png
2025-09-17 17:04:52,252 - INFO - 找到模板匹配: templates/filter_icon.png, 置信度: 0.992, 位置: (2685, 254)
2025-09-17 17:04:52,252 - INFO - 点击位置: (2685, 254)
2025-09-17 17:06:36,502 - INFO - Spine自动化脚本初始化完成
2025-09-17 17:06:37,907 - INFO - 开始执行Spine自动化流程
2025-09-17 17:06:37,995 - INFO - 找到Spine窗口: Spine Trial Spine
2025-09-17 17:06:37,995 - INFO - 未找到Spine窗口，将使用全屏操作
2025-09-17 17:06:37,996 - INFO - 步骤1: 点击筛选图标
2025-09-17 17:06:38,248 - INFO - 截图已保存到本地: screenshot_20250917_170638_214005.png
2025-09-17 17:06:38,538 - INFO - 找到模板匹配: templates/filter_icon.png, 置信度: 0.992, 位置: (2685, 254)
2025-09-17 17:06:38,538 - INFO - 点击位置: (2685, 254)
2025-09-17 17:10:37,366 - INFO - Spine自动化脚本初始化完成
2025-09-17 17:10:39,990 - INFO - 开始执行Spine自动化流程
2025-09-17 17:10:40,079 - INFO - 找到Spine窗口: Spine Trial Spine
2025-09-17 17:10:40,080 - INFO - 未找到Spine窗口，将使用全屏操作
2025-09-17 17:10:40,080 - INFO - 步骤1: 点击筛选图标
2025-09-17 17:10:40,349 - INFO - 截图已保存到本地: screenshot_20250917_171040_315075.png
2025-09-17 17:10:40,613 - INFO - 找到模板匹配: templates/filter_icon.png, 置信度: 0.992, 位置: (2685, 254)
2025-09-17 17:10:40,614 - INFO - 点击位置: (2685, 254)
2025-09-17 17:17:07,824 - INFO - Spine自动化脚本初始化完成
2025-09-17 17:17:35,330 - INFO - 开始执行Spine自动化流程
2025-09-17 17:17:35,391 - INFO - 找到Spine窗口: Spine Trial Spine
2025-09-17 17:17:35,391 - INFO - 未找到Spine窗口，将使用全屏操作
2025-09-17 17:17:35,392 - INFO - 步骤1: 点击筛选图标
2025-09-17 17:17:35,665 - INFO - 截图已保存到本地: screenshot_20250917_171735_629953.png
2025-09-17 17:17:35,949 - INFO - 找到模板匹配: templates/filter_icon.png, 置信度: 0.992, 位置: (2685, 254)
2025-09-17 17:17:36,625 - INFO - 点击位置: (2685, 254)
2025-09-17 17:17:39,904 - INFO - 步骤2: 点击网格菜单选项
2025-09-17 17:17:40,659 - INFO - 截图已保存到本地: screenshot_20250917_171740_623452.png
2025-09-17 17:17:41,120 - WARNING - 未找到网格菜单选项
2025-09-17 17:17:41,120 - ERROR - 点击网格菜单选项失败
2025-09-17 17:17:51,408 - INFO - 开始执行Spine自动化流程
2025-09-17 17:17:51,409 - INFO - 找到Spine窗口: Spine Trial Spine
2025-09-17 17:17:51,409 - INFO - 未找到Spine窗口，将使用全屏操作
2025-09-17 17:17:51,410 - INFO - 步骤1: 点击筛选图标
2025-09-17 17:17:51,683 - INFO - 截图已保存到本地: screenshot_20250917_171751_647160.png
2025-09-17 17:17:51,958 - INFO - 找到模板匹配: templates/filter_icon.png, 置信度: 0.992, 位置: (2685, 254)
2025-09-17 17:17:52,641 - INFO - 点击位置: (2685, 254)
2025-09-17 17:17:55,881 - INFO - 步骤2: 点击网格菜单选项
2025-09-17 17:17:56,645 - INFO - 截图已保存到本地: screenshot_20250917_171756_609929.png
2025-09-17 17:17:57,090 - WARNING - 未找到网格菜单选项
2025-09-17 17:17:57,090 - ERROR - 点击网格菜单选项失败
2025-09-17 17:18:21,825 - INFO - 开始执行Spine自动化流程
2025-09-17 17:18:21,827 - INFO - 找到Spine窗口: Spine Trial Spine
2025-09-17 17:18:21,827 - INFO - 未找到Spine窗口，将使用全屏操作
2025-09-17 17:18:21,827 - INFO - 步骤1: 点击筛选图标
2025-09-17 17:18:22,096 - INFO - 截图已保存到本地: screenshot_20250917_171822_060493.png
2025-09-17 17:18:22,376 - INFO - 找到模板匹配: templates/filter_icon.png, 置信度: 0.992, 位置: (2685, 254)
2025-09-17 17:18:23,053 - INFO - 点击位置: (2685, 254)
2025-09-17 17:18:26,288 - INFO - 步骤2: 点击网格菜单选项
2025-09-17 17:18:27,071 - INFO - 截图已保存到本地: screenshot_20250917_171827_034873.png
2025-09-17 17:18:27,520 - WARNING - 未找到网格菜单选项
2025-09-17 17:18:27,520 - ERROR - 点击网格菜单选项失败
2025-09-17 17:18:34,843 - INFO - 步骤2: 点击网格菜单选项
2025-09-17 17:18:35,608 - INFO - 截图已保存到本地: screenshot_20250917_171835_571622.png
2025-09-17 17:18:36,058 - WARNING - 未找到网格菜单选项
2025-09-17 17:18:36,058 - ERROR - 点击网格菜单选项失败
2025-09-17 17:18:44,441 - INFO - 开始执行Spine自动化流程
2025-09-17 17:18:44,463 - INFO - 找到Spine窗口: Spine Trial Spine
2025-09-17 17:18:44,463 - INFO - 未找到Spine窗口，将使用全屏操作
2025-09-17 17:18:44,463 - INFO - 步骤1: 点击筛选图标
2025-09-17 17:18:44,722 - INFO - 截图已保存到本地: screenshot_20250917_171844_685857.png
2025-09-17 17:18:44,999 - INFO - 找到模板匹配: templates/filter_icon.png, 置信度: 0.992, 位置: (2685, 254)
2025-09-17 17:18:45,000 - INFO - 点击位置: (2685, 254)
2025-09-17 17:18:47,522 - INFO - 步骤2: 点击网格菜单选项
2025-09-17 17:18:48,297 - INFO - 截图已保存到本地: screenshot_20250917_171848_260867.png
2025-09-17 17:18:48,743 - WARNING - 未找到网格菜单选项
2025-09-17 17:18:48,743 - ERROR - 点击网格菜单选项失败
2025-09-17 17:20:27,035 - INFO - 开始执行Spine自动化流程
2025-09-17 17:20:27,037 - INFO - 找到Spine窗口: Spine Trial Spine
2025-09-17 17:20:27,037 - INFO - 未找到Spine窗口，将使用全屏操作
2025-09-17 17:20:27,037 - INFO - 步骤1: 点击筛选图标
2025-09-17 17:20:27,315 - INFO - 截图已保存到本地: screenshot_20250917_172027_279418.png
2025-09-17 17:20:27,593 - WARNING - 未找到筛选图标
2025-09-17 17:20:27,593 - ERROR - 点击筛选图标失败
2025-09-17 17:25:09,240 - INFO - Spine自动化脚本初始化完成
2025-09-17 17:25:17,689 - INFO - 开始执行Spine自动化流程
2025-09-17 17:25:17,775 - INFO - 找到Spine窗口: Spine Trial Spine
2025-09-17 17:25:17,775 - INFO - 未找到Spine窗口，将使用全屏操作
2025-09-17 17:25:17,775 - INFO - 步骤1: 点击筛选图标
2025-09-17 17:25:18,023 - INFO - 截图已保存到本地: screenshot_20250917_172517_990088.png
2025-09-17 17:25:18,282 - INFO - 找到模板匹配: templates/filter_icon.png, 置信度: 0.992, 位置: (2685, 254)
2025-09-17 17:25:19,051 - INFO - 点击位置: (2685, 254)
2025-09-17 17:27:42,640 - INFO - Spine自动化脚本初始化完成
2025-09-17 17:27:45,358 - INFO - 开始执行Spine自动化流程
2025-09-17 17:27:45,426 - INFO - 找到Spine窗口: Spine Trial Spine
2025-09-17 17:27:45,426 - INFO - 未找到Spine窗口，将使用全屏操作
2025-09-17 17:27:45,427 - INFO - 步骤1: 点击筛选图标
2025-09-17 17:27:45,668 - INFO - 截图已保存到本地: screenshot_20250917_172745_635137.png
2025-09-17 17:27:45,926 - INFO - 找到模板匹配: templates/filter_icon.png, 置信度: 0.992, 位置: (2685, 254)
2025-09-17 17:27:46,610 - INFO - 点击位置: (2685, 254)
2025-09-17 17:30:13,317 - INFO - Spine自动化脚本初始化完成
2025-09-17 17:30:15,337 - INFO - 开始执行Spine自动化流程
2025-09-17 17:30:15,417 - INFO - 找到Spine窗口: Spine Trial Spine
2025-09-17 17:30:15,418 - INFO - 未找到Spine窗口，将使用全屏操作
2025-09-17 17:30:15,418 - INFO - 步骤1: 点击筛选图标
2025-09-17 17:30:15,664 - INFO - 截图已保存到本地: screenshot_20250917_173015_629181.png
2025-09-17 17:30:15,920 - INFO - 找到模板匹配: templates/filter_icon.png, 置信度: 0.992, 位置: (2685, 254)
2025-09-17 17:30:16,601 - INFO - 点击位置: (2685, 254)
2025-09-17 17:31:51,238 - INFO - Spine自动化脚本初始化完成
2025-09-17 17:31:56,067 - INFO - 开始执行Spine自动化流程
2025-09-17 17:31:56,151 - INFO - 找到Spine窗口: Spine Trial Spine
2025-09-17 17:31:56,151 - INFO - 未找到Spine窗口，将使用全屏操作
2025-09-17 17:31:56,151 - INFO - 步骤1: 点击筛选图标
2025-09-17 17:31:56,396 - INFO - 截图已保存到本地: screenshot_20250917_173156_360605.png
2025-09-17 17:31:56,692 - INFO - 找到模板匹配: templates/filter_icon.png, 置信度: 0.992, 位置: (2685, 254)
2025-09-17 17:31:57,385 - INFO - 点击位置: (2685, 254)
2025-09-17 17:32:45,339 - INFO - 步骤2: 点击网格菜单选项
2025-09-17 17:32:46,124 - INFO - 截图已保存到本地: screenshot_20250917_173246_086898.png
2025-09-17 17:32:46,558 - WARNING - 未找到网格菜单选项
2025-09-17 17:32:46,558 - ERROR - 点击网格菜单选项失败
2025-09-17 17:40:45,137 - INFO - Spine自动化脚本初始化完成
2025-09-17 17:40:53,202 - INFO - 开始执行Spine自动化流程
2025-09-17 17:40:58,925 - INFO - ✅ 辅助功能权限检查通过
2025-09-17 17:40:58,991 - INFO - 找到Spine窗口: Spine Trial Spine
2025-09-17 17:40:58,991 - INFO - 未找到Spine窗口，将使用全屏操作
2025-09-17 17:40:58,991 - INFO - 步骤1: 点击筛选图标
2025-09-17 17:40:59,238 - INFO - 截图已保存到本地: screenshot_20250917_174059_203177.png
2025-09-17 17:40:59,532 - INFO - 找到模板匹配: templates/filter_icon.png, 置信度: 0.992, 位置: (2685, 254)
2025-09-17 17:40:59,534 - INFO - 准备点击位置: (2685, 254)
2025-09-17 17:40:59,534 - INFO - 尝试激活Spine窗口...
2025-09-17 17:40:59,622 - WARNING - AppleScript激活失败: 54:62: execution error: 不能获得“application "Spine"”。 (-1728)

2025-09-17 17:41:00,755 - WARNING - AppleScript点击失败: 121:129: execution error: 不能获得“application "Spine"”。 (-1728)

2025-09-17 17:41:00,756 - WARNING - AppleScript点击失败，回退到PyAutoGUI
2025-09-17 17:41:02,209 - INFO - PyAutoGUI备用点击完成: (2685, 254)
2025-09-17 17:41:04,213 - INFO - 步骤2: 点击网格菜单选项
2025-09-17 17:41:04,992 - INFO - 截图已保存到本地: screenshot_20250917_174104_959106.png
2025-09-17 17:41:05,417 - WARNING - 未找到网格菜单选项
2025-09-17 17:41:05,417 - ERROR - 点击网格菜单选项失败
2025-09-17 17:41:23,193 - INFO - 开始执行Spine自动化流程
2025-09-17 17:41:24,938 - INFO - ✅ 辅助功能权限检查通过
2025-09-17 17:41:24,941 - INFO - 找到Spine窗口: Spine Trial Spine
2025-09-17 17:41:24,941 - INFO - 未找到Spine窗口，将使用全屏操作
2025-09-17 17:41:24,941 - INFO - 步骤1: 点击筛选图标
2025-09-17 17:41:25,205 - INFO - 截图已保存到本地: screenshot_20250917_174125_172125.png
2025-09-17 17:41:25,468 - WARNING - 未找到筛选图标
2025-09-17 17:41:25,469 - ERROR - 点击筛选图标失败
2025-09-17 17:41:42,103 - INFO - 开始执行Spine自动化流程
2025-09-17 17:41:43,823 - INFO - ✅ 辅助功能权限检查通过
2025-09-17 17:41:43,825 - INFO - 找到Spine窗口: Spine Trial Spine
2025-09-17 17:41:43,825 - INFO - 未找到Spine窗口，将使用全屏操作
2025-09-17 17:41:43,825 - INFO - 步骤1: 点击筛选图标
2025-09-17 17:41:44,059 - INFO - 截图已保存到本地: screenshot_20250917_174144_031226.png
2025-09-17 17:41:44,323 - INFO - 找到模板匹配: templates/filter_icon.png, 置信度: 0.992, 位置: (2685, 196)
2025-09-17 17:41:44,323 - INFO - 准备点击位置: (2685, 196)
2025-09-17 17:41:44,324 - INFO - 尝试激活Spine窗口...
2025-09-17 17:41:44,411 - WARNING - AppleScript激活失败: 54:62: execution error: 不能获得“application "Spine"”。 (-1728)

2025-09-17 17:41:45,536 - WARNING - AppleScript点击失败: 121:129: execution error: 不能获得“application "Spine"”。 (-1728)

2025-09-17 17:41:45,537 - WARNING - AppleScript点击失败，回退到PyAutoGUI
2025-09-17 17:41:46,963 - INFO - PyAutoGUI备用点击完成: (2685, 196)
2025-09-17 17:41:48,966 - INFO - 步骤2: 点击网格菜单选项
2025-09-17 17:41:49,722 - INFO - 截图已保存到本地: screenshot_20250917_174149_694736.png
2025-09-17 17:41:50,137 - WARNING - 未找到网格菜单选项
2025-09-17 17:41:50,137 - ERROR - 点击网格菜单选项失败
2025-09-17 17:49:19,181 - INFO - Spine自动化脚本初始化完成
2025-09-17 17:49:21,225 - INFO - 开始执行Spine自动化流程
2025-09-17 17:49:26,733 - INFO - ✅ 辅助功能权限检查通过
2025-09-17 17:49:26,798 - INFO - 找到Spine窗口: Spine Trial Spine Launcher
2025-09-17 17:49:26,798 - INFO - 未找到Spine窗口，将使用全屏操作
2025-09-17 17:49:26,798 - INFO - 步骤1: 点击筛选图标
2025-09-17 17:49:27,026 - INFO - 截图已保存到本地: screenshot_20250917_174926_994495.png
2025-09-17 17:49:27,299 - WARNING - 未找到筛选图标
2025-09-17 17:49:27,299 - ERROR - 点击筛选图标失败
2025-09-17 17:49:49,679 - INFO - 开始执行Spine自动化流程
2025-09-17 17:49:51,416 - INFO - ✅ 辅助功能权限检查通过
2025-09-17 17:49:51,419 - INFO - 找到Spine窗口: Spine Trial Spine
2025-09-17 17:49:51,420 - INFO - 未找到Spine窗口，将使用全屏操作
2025-09-17 17:49:51,420 - INFO - 步骤1: 点击筛选图标
2025-09-17 17:49:51,665 - INFO - 截图已保存到本地: screenshot_20250917_174951_636877.png
2025-09-17 17:49:51,933 - INFO - 找到模板匹配: templates/filter_icon.png, 置信度: 0.992, 位置: (2685, 254)
2025-09-17 17:49:51,933 - INFO - 准备点击位置: (2685, 254)
2025-09-17 17:49:51,933 - INFO - 尝试激活Spine窗口...
2025-09-17 17:49:52,049 - WARNING - AppleScript激活失败: 54:62: execution error: 不能获得“application "Spine"”。 (-1728)

2025-09-17 17:49:53,181 - WARNING - AppleScript点击失败: 121:129: execution error: 不能获得“application "Spine"”。 (-1728)

2025-09-17 17:49:53,181 - WARNING - AppleScript点击失败，回退到PyAutoGUI
2025-09-17 17:49:54,636 - INFO - PyAutoGUI备用点击完成: (2685, 254)
2025-09-17 17:49:56,638 - INFO - 步骤2: 点击网格菜单选项
2025-09-17 17:49:57,398 - INFO - 截图已保存到本地: screenshot_20250917_174957_369663.png
2025-09-17 17:49:57,827 - WARNING - 未找到网格菜单选项
2025-09-17 17:49:57,827 - ERROR - 点击网格菜单选项失败
2025-09-17 17:50:05,945 - INFO - 开始执行Spine自动化流程
2025-09-17 17:50:07,663 - INFO - ✅ 辅助功能权限检查通过
2025-09-17 17:50:07,666 - INFO - 找到Spine窗口: Spine Trial Spine
2025-09-17 17:50:07,666 - INFO - 未找到Spine窗口，将使用全屏操作
2025-09-17 17:50:07,667 - INFO - 步骤1: 点击筛选图标
2025-09-17 17:50:07,912 - INFO - 截图已保存到本地: screenshot_20250917_175007_882151.png
2025-09-17 17:50:08,185 - INFO - 找到模板匹配: templates/filter_icon.png, 置信度: 0.992, 位置: (2685, 254)
2025-09-17 17:50:08,186 - INFO - 准备点击位置: (2685, 254)
2025-09-17 17:50:08,186 - INFO - 尝试激活Spine窗口...
2025-09-17 17:50:08,268 - WARNING - AppleScript激活失败: 54:62: execution error: 不能获得“application "Spine"”。 (-1728)

2025-09-17 17:50:09,399 - WARNING - AppleScript点击失败: 121:129: execution error: 不能获得“application "Spine"”。 (-1728)

2025-09-17 17:50:09,399 - WARNING - AppleScript点击失败，回退到PyAutoGUI
2025-09-17 17:50:10,825 - INFO - PyAutoGUI备用点击完成: (2685, 254)
2025-09-17 17:50:12,829 - INFO - 步骤2: 点击网格菜单选项
2025-09-17 17:50:13,581 - INFO - 截图已保存到本地: screenshot_20250917_175013_552946.png
2025-09-17 17:50:13,999 - WARNING - 未找到网格菜单选项
2025-09-17 17:50:14,000 - ERROR - 点击网格菜单选项失败
2025-09-17 17:51:52,376 - INFO - 开始执行Spine自动化流程
2025-09-17 17:51:54,099 - INFO - ✅ 辅助功能权限检查通过
2025-09-17 17:51:54,102 - INFO - 找到Spine窗口: Spine Trial Spine
2025-09-17 17:51:54,102 - INFO - 未找到Spine窗口，将使用全屏操作
2025-09-17 17:51:54,102 - INFO - 步骤1: 点击筛选图标
2025-09-17 17:51:54,361 - INFO - 截图已保存到本地: screenshot_20250917_175154_322823.png
2025-09-17 17:51:54,657 - WARNING - 未找到筛选图标
2025-09-17 17:51:54,657 - ERROR - 点击筛选图标失败
2025-09-17 17:52:01,645 - INFO - 开始执行Spine自动化流程
2025-09-17 17:52:03,374 - INFO - ✅ 辅助功能权限检查通过
2025-09-17 17:52:03,381 - INFO - 找到Spine窗口: Spine Trial Spine
2025-09-17 17:52:03,381 - INFO - 未找到Spine窗口，将使用全屏操作
2025-09-17 17:52:03,382 - INFO - 步骤1: 点击筛选图标
2025-09-17 17:52:03,653 - INFO - 截图已保存到本地: screenshot_20250917_175203_616943.png
2025-09-17 17:52:03,915 - WARNING - 未找到筛选图标
2025-09-17 17:52:03,916 - ERROR - 点击筛选图标失败
2025-09-17 17:52:12,433 - INFO - 开始执行Spine自动化流程
2025-09-17 17:52:14,156 - INFO - ✅ 辅助功能权限检查通过
2025-09-17 17:52:14,162 - INFO - 找到Spine窗口: Spine Trial Spine
2025-09-17 17:52:14,162 - INFO - 未找到Spine窗口，将使用全屏操作
2025-09-17 17:52:14,162 - INFO - 步骤1: 点击筛选图标
2025-09-17 17:52:14,420 - INFO - 截图已保存到本地: screenshot_20250917_175214_386461.png
2025-09-17 17:52:14,680 - WARNING - 未找到筛选图标
2025-09-17 17:52:14,680 - ERROR - 点击筛选图标失败
2025-09-17 17:52:35,411 - INFO - 开始执行Spine自动化流程
2025-09-17 17:52:37,135 - INFO - ✅ 辅助功能权限检查通过
2025-09-17 17:52:37,141 - INFO - 找到Spine窗口: Spine Trial Spine
2025-09-17 17:52:37,141 - INFO - 未找到Spine窗口，将使用全屏操作
2025-09-17 17:52:37,142 - INFO - 步骤1: 点击筛选图标
2025-09-17 17:52:37,386 - INFO - 截图已保存到本地: screenshot_20250917_175237_353731.png
2025-09-17 17:52:37,643 - WARNING - 未找到筛选图标
2025-09-17 17:52:37,644 - ERROR - 点击筛选图标失败
2025-09-17 17:52:47,963 - INFO - 开始执行Spine自动化流程
2025-09-17 17:52:49,721 - INFO - ✅ 辅助功能权限检查通过
2025-09-17 17:52:49,724 - INFO - 找到Spine窗口: Spine Trial Spine
2025-09-17 17:52:49,724 - INFO - 未找到Spine窗口，将使用全屏操作
2025-09-17 17:52:49,724 - INFO - 步骤1: 点击筛选图标
2025-09-17 17:52:49,955 - INFO - 截图已保存到本地: screenshot_20250917_175249_930252.png
2025-09-17 17:52:50,212 - INFO - 找到模板匹配: templates/filter_icon.png, 置信度: 0.992, 位置: (2685, 196)
2025-09-17 17:52:50,212 - INFO - 准备点击位置: (2685, 196)
2025-09-17 17:52:50,212 - INFO - 尝试激活Spine窗口...
2025-09-17 17:52:50,297 - WARNING - AppleScript激活失败: 54:62: execution error: 不能获得“application "Spine"”。 (-1728)

2025-09-17 17:52:51,427 - WARNING - AppleScript点击失败: 121:129: execution error: 不能获得“application "Spine"”。 (-1728)

2025-09-17 17:52:51,428 - WARNING - AppleScript点击失败，回退到PyAutoGUI
2025-09-17 17:52:52,857 - INFO - PyAutoGUI备用点击完成: (2685, 196)
2025-09-17 17:52:54,861 - INFO - 步骤2: 点击网格菜单选项
2025-09-17 17:52:55,590 - INFO - 截图已保存到本地: screenshot_20250917_175255_567307.png
2025-09-17 17:52:56,007 - WARNING - 未找到网格菜单选项
2025-09-17 17:52:56,007 - ERROR - 点击网格菜单选项失败
2025-09-17 17:53:34,902 - INFO - 开始执行Spine自动化流程
2025-09-17 17:53:36,647 - INFO - ✅ 辅助功能权限检查通过
2025-09-17 17:53:36,649 - INFO - 找到Spine窗口: Spine Trial Spine
2025-09-17 17:53:36,649 - INFO - 未找到Spine窗口，将使用全屏操作
2025-09-17 17:53:36,649 - INFO - 步骤1: 点击筛选图标
2025-09-17 17:53:36,871 - INFO - 截图已保存到本地: screenshot_20250917_175336_848417.png
2025-09-17 17:53:37,130 - INFO - 找到模板匹配: templates/filter_icon.png, 置信度: 0.992, 位置: (2685, 196)
2025-09-17 17:53:37,130 - INFO - 准备点击位置: (2685, 196)
2025-09-17 17:53:37,131 - INFO - 尝试激活Spine窗口...
2025-09-17 17:53:37,216 - WARNING - AppleScript激活失败: 54:62: execution error: 不能获得“application "Spine"”。 (-1728)

2025-09-17 17:53:38,350 - WARNING - AppleScript点击失败: 121:129: execution error: 不能获得“application "Spine"”。 (-1728)

2025-09-17 17:53:38,350 - WARNING - AppleScript点击失败，回退到PyAutoGUI
2025-09-17 17:53:39,779 - INFO - PyAutoGUI备用点击完成: (2685, 196)
2025-09-17 17:53:41,781 - INFO - 步骤2: 点击网格菜单选项
2025-09-17 17:53:42,508 - INFO - 截图已保存到本地: screenshot_20250917_175342_484309.png
2025-09-17 17:53:42,943 - WARNING - 未找到网格菜单选项
2025-09-17 17:53:42,943 - ERROR - 点击网格菜单选项失败
2025-09-17 17:55:10,187 - INFO - 开始执行Spine自动化流程
2025-09-17 17:55:11,918 - INFO - ✅ 辅助功能权限检查通过
2025-09-17 17:55:11,919 - INFO - 找到Spine窗口: Spine Trial Spine
2025-09-17 17:55:11,920 - INFO - 未找到Spine窗口，将使用全屏操作
2025-09-17 17:55:11,920 - INFO - 步骤1: 点击筛选图标
2025-09-17 17:55:12,153 - INFO - 截图已保存到本地: screenshot_20250917_175512_128254.png
2025-09-17 17:55:12,419 - INFO - 找到模板匹配: templates/filter_icon.png, 置信度: 0.992, 位置: (2685, 196)
2025-09-17 17:55:12,420 - INFO - 准备点击位置: (2685, 196)
2025-09-17 17:55:12,420 - INFO - 尝试激活Spine窗口...
2025-09-17 17:55:12,511 - WARNING - AppleScript激活失败: 54:62: execution error: 不能获得“application "Spine"”。 (-1728)

2025-09-17 17:55:13,642 - WARNING - AppleScript点击失败: 121:129: execution error: 不能获得“application "Spine"”。 (-1728)

2025-09-17 17:55:13,642 - WARNING - AppleScript点击失败，回退到PyAutoGUI
2025-09-17 17:55:15,081 - INFO - PyAutoGUI备用点击完成: (2685, 196)
2025-09-17 17:55:17,085 - INFO - 步骤2: 点击网格菜单选项
2025-09-17 17:55:17,825 - INFO - 截图已保存到本地: screenshot_20250917_175517_801709.png
2025-09-17 17:55:18,253 - WARNING - 未找到网格菜单选项
2025-09-17 17:55:18,254 - ERROR - 点击网格菜单选项失败
2025-09-17 17:55:46,263 - INFO - 开始执行Spine自动化流程
2025-09-17 17:55:47,986 - INFO - ✅ 辅助功能权限检查通过
2025-09-17 17:55:47,990 - INFO - 找到Spine窗口: Spine Trial Spine
2025-09-17 17:55:47,990 - INFO - 未找到Spine窗口，将使用全屏操作
2025-09-17 17:55:47,991 - INFO - 步骤1: 点击筛选图标
2025-09-17 17:55:48,226 - INFO - 截图已保存到本地: screenshot_20250917_175548_202094.png
2025-09-17 17:55:48,489 - INFO - 找到模板匹配: templates/filter_icon.png, 置信度: 0.992, 位置: (2685, 196)
2025-09-17 17:55:48,490 - INFO - 准备点击位置: (2685, 196)
2025-09-17 17:55:48,490 - INFO - 尝试激活Spine窗口...
2025-09-17 17:55:48,583 - WARNING - AppleScript激活失败: 54:62: execution error: 不能获得“application "Spine"”。 (-1728)

2025-09-17 17:55:49,719 - WARNING - AppleScript点击失败: 121:129: execution error: 不能获得“application "Spine"”。 (-1728)

2025-09-17 17:55:49,719 - WARNING - AppleScript点击失败，回退到PyAutoGUI
2025-09-17 17:55:51,149 - INFO - PyAutoGUI备用点击完成: (2685, 196)
2025-09-17 17:55:53,152 - INFO - 步骤2: 点击网格菜单选项
2025-09-17 17:55:53,895 - INFO - 截图已保存到本地: screenshot_20250917_175553_870631.png
2025-09-17 17:55:54,319 - WARNING - 未找到网格菜单选项
2025-09-17 17:55:54,319 - ERROR - 点击网格菜单选项失败
2025-09-17 17:58:27,863 - INFO - Spine自动化脚本初始化完成
2025-09-17 17:58:31,054 - INFO - 开始执行Spine自动化流程
2025-09-17 17:58:32,780 - INFO - ✅ 辅助功能权限检查通过
2025-09-17 17:58:32,846 - INFO - 找到Spine窗口: Spine Trial Spine
2025-09-17 17:58:32,846 - INFO - 未找到Spine窗口，将使用全屏操作
2025-09-17 17:58:32,846 - INFO - 步骤1: 点击筛选图标
2025-09-17 17:58:33,059 - INFO - 截图已保存到本地: screenshot_20250917_175833_029009.png
2025-09-17 17:58:33,333 - WARNING - 未找到筛选图标
2025-09-17 17:58:33,333 - ERROR - 点击筛选图标失败
2025-09-17 17:58:36,780 - INFO - 开始执行Spine自动化流程
2025-09-17 17:58:38,501 - INFO - ✅ 辅助功能权限检查通过
2025-09-17 17:58:38,503 - INFO - 找到Spine窗口: Spine Trial Spine
2025-09-17 17:58:38,503 - INFO - 未找到Spine窗口，将使用全屏操作
2025-09-17 17:58:38,503 - INFO - 步骤1: 点击筛选图标
2025-09-17 17:58:38,733 - INFO - 截图已保存到本地: screenshot_20250917_175838_708730.png
2025-09-17 17:58:39,032 - WARNING - 未找到筛选图标
2025-09-17 17:58:39,032 - ERROR - 点击筛选图标失败
2025-09-17 17:59:06,214 - INFO - 开始执行Spine自动化流程
2025-09-17 17:59:07,944 - INFO - ✅ 辅助功能权限检查通过
2025-09-17 17:59:07,947 - INFO - 找到Spine窗口: Spine Trial Spine
2025-09-17 17:59:07,947 - INFO - 未找到Spine窗口，将使用全屏操作
2025-09-17 17:59:07,948 - INFO - 步骤1: 点击筛选图标
2025-09-17 17:59:08,170 - INFO - 截图已保存到本地: screenshot_20250917_175908_146163.png
2025-09-17 17:59:08,430 - INFO - 找到模板匹配: templates/filter_icon.png, 置信度: 0.992, 位置: (2685, 196)
2025-09-17 17:59:08,430 - INFO - 准备点击位置: (2685, 196)
2025-09-17 17:59:08,430 - INFO - 尝试激活Spine窗口...
2025-09-17 17:59:08,511 - WARNING - AppleScript激活失败: 54:62: execution error: 不能获得“application "Spine"”。 (-1728)

2025-09-17 17:59:09,647 - WARNING - AppleScript点击失败: 121:129: execution error: 不能获得“application "Spine"”。 (-1728)

2025-09-17 17:59:09,648 - WARNING - AppleScript点击失败，回退到PyAutoGUI
2025-09-17 18:00:08,020 - INFO - PyAutoGUI备用点击完成: (2685, 196)
2025-09-17 18:00:11,269 - INFO - 步骤2: 点击网格菜单选项
2025-09-17 18:01:05,540 - INFO - Spine自动化脚本初始化完成
2025-09-17 18:01:08,248 - INFO - 开始执行Spine自动化流程
2025-09-17 18:01:09,970 - INFO - ✅ 辅助功能权限检查通过
2025-09-17 18:01:10,044 - INFO - 找到Spine窗口: Spine Trial Spine
2025-09-17 18:01:10,044 - INFO - 未找到Spine窗口，将使用全屏操作
2025-09-17 18:01:10,044 - INFO - 步骤1: 点击筛选图标
2025-09-17 18:01:10,264 - INFO - 截图已保存到本地: screenshot_20250917_180110_239185.png
2025-09-17 18:01:10,526 - INFO - 找到模板匹配: templates/filter_icon.png, 置信度: 0.992, 位置: (2685, 196)
2025-09-17 18:02:34,219 - INFO - 准备点击位置: (2685, 196)
2025-09-17 18:02:34,220 - INFO - 尝试激活Spine窗口...
2025-09-17 18:02:34,330 - WARNING - AppleScript激活失败: 54:62: execution error: 不能获得“application "Spine"”。 (-1728)

2025-09-17 18:02:35,448 - WARNING - AppleScript点击失败: 121:129: execution error: 不能获得“application "Spine"”。 (-1728)

2025-09-17 18:02:35,448 - WARNING - AppleScript点击失败，回退到PyAutoGUI
2025-09-17 18:02:43,947 - INFO - Spine自动化脚本初始化完成
2025-09-17 18:02:58,244 - INFO - PyAutoGUI备用点击完成: (2685, 196)
2025-09-17 18:03:00,247 - INFO - 步骤2: 点击网格菜单选项
2025-09-17 18:03:00,984 - INFO - 截图已保存到本地: screenshot_20250917_180300_959941.png
2025-09-17 18:03:01,449 - WARNING - 未找到网格菜单选项
2025-09-17 18:03:01,449 - ERROR - 点击网格菜单选项失败
2025-09-17 18:03:04,520 - INFO - Spine自动化脚本初始化完成
2025-09-17 18:03:06,980 - INFO - 开始执行Spine自动化流程
2025-09-17 18:03:08,716 - INFO - ✅ 辅助功能权限检查通过
2025-09-17 18:03:08,804 - INFO - 找到Spine窗口: Spine Trial Spine
2025-09-17 18:03:08,804 - INFO - 未找到Spine窗口，将使用全屏操作
2025-09-17 18:03:08,805 - INFO - 步骤1: 点击筛选图标
2025-09-17 18:03:09,013 - INFO - 截图已保存到本地: screenshot_20250917_180308_990032.png
2025-09-17 18:03:09,306 - INFO - 找到模板匹配: templates/filter_icon.png, 置信度: 0.992, 位置: (2685, 196)
2025-09-17 18:33:59,169 - INFO - Spine自动化脚本初始化完成
2025-09-17 18:34:22,947 - INFO - 开始执行Spine自动化流程
2025-09-17 18:34:28,529 - INFO - ✅ 辅助功能权限检查通过
2025-09-17 18:34:28,607 - INFO - 找到Spine窗口: Spine Trial Spine
2025-09-17 18:34:28,607 - INFO - 未找到Spine窗口，将使用全屏操作
2025-09-17 18:34:28,607 - INFO - 步骤1: 点击筛选图标
2025-09-17 18:34:28,811 - INFO - 截图已保存到本地: screenshot_20250917_183428_785645.png
2025-09-17 18:34:29,070 - INFO - 找到模板匹配: templates/filter_icon.png, 置信度: 0.992, 位置: (2685, 196)
2025-09-17 18:34:51,660 - INFO - 准备点击位置: (2685, 196)
2025-09-17 18:34:51,661 - INFO - 尝试激活Spine窗口...
2025-09-17 18:34:51,790 - WARNING - AppleScript激活失败: 54:62: execution error: 不能获得“application "Spine"”。 (-1728)

2025-09-17 18:34:52,913 - WARNING - AppleScript点击失败: 121:129: execution error: 不能获得“application "Spine"”。 (-1728)

2025-09-17 18:34:52,913 - WARNING - AppleScript点击失败，回退到PyAutoGUI
2025-09-17 18:35:57,496 - INFO - PyAutoGUI备用点击完成: (2685, 196)
2025-09-17 18:35:59,499 - INFO - 步骤2: 点击网格菜单选项
2025-09-17 18:36:00,254 - INFO - 截图已保存到本地: screenshot_20250917_183600_228647.png
2025-09-17 18:36:00,661 - WARNING - 未找到网格菜单选项
2025-09-17 18:36:00,662 - ERROR - 点击网格菜单选项失败
2025-09-17 18:36:03,761 - INFO - 开始执行Spine自动化流程
2025-09-17 18:36:05,507 - INFO - ✅ 辅助功能权限检查通过
2025-09-17 18:36:05,510 - INFO - 找到Spine窗口: Spine Trial Spine
2025-09-17 18:36:05,511 - INFO - 未找到Spine窗口，将使用全屏操作
2025-09-17 18:36:05,512 - INFO - 步骤1: 点击筛选图标
2025-09-17 18:36:05,737 - INFO - 截图已保存到本地: screenshot_20250917_183605_708527.png
2025-09-17 18:36:05,982 - INFO - 找到模板匹配: templates/filter_icon.png, 置信度: 0.992, 位置: (2685, 196)
2025-09-17 18:36:05,982 - INFO - 准备点击位置: (2685, 196)
2025-09-17 18:36:05,982 - INFO - 尝试激活Spine窗口...
2025-09-17 18:36:06,067 - WARNING - AppleScript激活失败: 54:62: execution error: 不能获得“application "Spine"”。 (-1728)

2025-09-17 18:36:07,197 - WARNING - AppleScript点击失败: 121:129: execution error: 不能获得“application "Spine"”。 (-1728)

2025-09-17 18:36:07,197 - WARNING - AppleScript点击失败，回退到PyAutoGUI
2025-09-17 18:36:08,637 - INFO - PyAutoGUI备用点击完成: (2685, 196)
2025-09-17 18:36:10,639 - INFO - 步骤2: 点击网格菜单选项
2025-09-17 18:36:11,385 - INFO - 截图已保存到本地: screenshot_20250917_183611_358597.png
2025-09-17 18:36:11,799 - WARNING - 未找到网格菜单选项
2025-09-17 18:36:11,799 - ERROR - 点击网格菜单选项失败
2025-09-17 18:44:07,918 - INFO - Spine自动化脚本初始化完成
2025-09-17 18:44:11,334 - INFO - 开始执行Spine自动化流程
2025-09-17 18:44:24,136 - INFO - ✅ 辅助功能权限检查通过
2025-09-17 18:44:24,221 - INFO - 找到Spine窗口: Spine Trial Spine
2025-09-17 18:44:24,222 - INFO - 未找到Spine窗口，将使用全屏操作
2025-09-17 18:44:24,222 - INFO - 步骤1: 点击筛选图标
2025-09-17 18:44:24,441 - INFO - 截图已保存到本地: screenshot_20250917_184424_416373.png
2025-09-17 18:44:24,700 - INFO - 找到模板匹配: templates/filter_icon.png, 置信度: 0.992, 位置: (2685, 196)
2025-09-17 18:44:46,449 - INFO - 准备点击位置: (2685, 196)
2025-09-17 18:44:47,020 - INFO - 尝试激活Spine窗口...
2025-09-17 18:44:47,141 - WARNING - AppleScript激活失败: 54:62: execution error: 不能获得“application "Spine"”。 (-1728)

2025-09-17 18:45:03,858 - WARNING - AppleScript点击失败: 121:129: execution error: 不能获得“application "Spine"”。 (-1728)

2025-09-17 18:48:14,498 - INFO - Spine自动化脚本初始化完成
2025-09-17 18:48:21,137 - INFO - 开始执行Spine自动化流程
2025-09-17 18:48:23,095 - INFO - ✅ 辅助功能权限检查通过
2025-09-17 18:48:23,180 - INFO - 找到Spine窗口: Spine Trial Spine
2025-09-17 18:48:23,180 - INFO - 未找到Spine窗口，将使用全屏操作
2025-09-17 18:48:23,180 - INFO - 步骤2: 点击网格菜单选项
2025-09-17 18:48:23,939 - INFO - 截图已保存到本地: screenshot_20250917_184823_912654.png
2025-09-17 18:48:24,358 - INFO - 找到模板匹配: templates/grid_menu_option.png, 置信度: 0.999, 位置: (2760, 460)
2025-09-17 18:49:08,330 - INFO - 准备点击位置: (2760, 460)
2025-09-17 18:49:08,335 - INFO - 尝试激活Spine窗口...
2025-09-17 18:49:08,449 - WARNING - AppleScript激活失败: 54:62: execution error: 不能获得“application "Spine"”。 (-1728)

2025-09-17 18:49:09,568 - WARNING - AppleScript点击失败: 121:129: execution error: 不能获得“application "Spine"”。 (-1728)

2025-09-17 18:49:09,569 - WARNING - AppleScript点击失败，回退到PyAutoGUI
2025-09-17 18:49:11,035 - INFO - PyAutoGUI备用点击完成: (2760, 460)
2025-09-17 18:49:13,038 - INFO - 步骤3: 点击附件节点
2025-09-17 18:49:13,794 - INFO - 截图已保存到本地: screenshot_20250917_184913_767134.png
2025-09-17 18:49:14,059 - WARNING - 未找到附件节点
2025-09-17 18:49:14,059 - ERROR - 点击附件节点失败
2025-09-17 18:49:47,509 - INFO - Spine自动化脚本初始化完成
2025-09-17 18:49:53,426 - INFO - 开始执行Spine自动化流程
2025-09-17 18:49:55,150 - INFO - ✅ 辅助功能权限检查通过
2025-09-17 18:49:55,215 - INFO - 找到Spine窗口: Spine Trial Spine
2025-09-17 18:49:55,215 - INFO - 未找到Spine窗口，将使用全屏操作
2025-09-17 18:49:55,216 - INFO - 步骤2: 点击网格菜单选项
2025-09-17 18:49:55,967 - INFO - 截图已保存到本地: screenshot_20250917_184955_941299.png
2025-09-17 18:49:56,369 - INFO - 找到模板匹配: templates/grid_menu_option.png, 置信度: 0.999, 位置: (2760, 460)
2025-09-17 18:49:56,369 - INFO - 准备点击位置: (2760, 460)
2025-09-17 18:49:56,369 - INFO - 尝试激活Spine窗口...
2025-09-17 18:49:56,457 - WARNING - AppleScript激活失败: 54:62: execution error: 不能获得“application "Spine"”。 (-1728)

2025-09-17 18:49:57,589 - WARNING - AppleScript点击失败: 121:129: execution error: 不能获得“application "Spine"”。 (-1728)

2025-09-17 18:49:57,590 - WARNING - AppleScript点击失败，回退到PyAutoGUI
2025-09-17 18:49:59,052 - INFO - PyAutoGUI备用点击完成: (2760, 460)
2025-09-17 18:50:01,055 - INFO - 步骤3: 点击附件节点
2025-09-17 18:50:01,766 - INFO - 截图已保存到本地: screenshot_20250917_185001_740924.png
2025-09-17 18:50:02,025 - WARNING - 未找到附件节点
2025-09-17 18:50:02,026 - ERROR - 点击附件节点失败
2025-09-18 09:14:41,479 - INFO - 开始执行Spine自动化流程
2025-09-18 09:14:45,880 - INFO - ✅ 辅助功能权限检查通过
2025-09-18 09:14:45,911 - INFO - 找到Spine窗口: Spine Trial Spine
2025-09-18 09:14:45,911 - INFO - 未找到Spine窗口，将使用全屏操作
2025-09-18 09:14:45,911 - INFO - 步骤2: 点击网格菜单选项
2025-09-18 09:14:46,665 - INFO - 截图已保存到本地: screenshot_20250918_091446_639322.png
2025-09-18 09:14:47,069 - INFO - 找到模板匹配: templates/grid_menu_option.png, 置信度: 0.999, 位置: (2760, 460)
2025-09-18 09:14:47,069 - INFO - 准备点击位置: (2760, 460)
2025-09-18 09:14:47,069 - INFO - 尝试激活Spine窗口...
2025-09-18 09:14:47,165 - WARNING - AppleScript激活失败: 54:62: execution error: 不能获得“application "Spine"”。 (-1728)

2025-09-18 09:14:48,297 - WARNING - AppleScript点击失败: 121:129: execution error: 不能获得“application "Spine"”。 (-1728)

2025-09-18 09:14:48,297 - WARNING - AppleScript点击失败，回退到PyAutoGUI
2025-09-18 09:14:49,725 - INFO - PyAutoGUI备用点击完成: (2760, 460)
2025-09-18 09:14:51,729 - INFO - 步骤3: 点击附件节点
2025-09-18 09:14:52,480 - INFO - 截图已保存到本地: screenshot_20250918_091452_454288.png
2025-09-18 09:14:52,773 - WARNING - 未找到附件节点
2025-09-18 09:14:52,774 - ERROR - 点击附件节点失败
2025-09-18 09:16:21,776 - INFO - Spine自动化脚本初始化完成
2025-09-18 09:16:26,731 - INFO - 开始执行Spine自动化流程
2025-09-18 09:16:28,480 - INFO - ✅ 辅助功能权限检查通过
2025-09-18 09:16:28,549 - INFO - 找到Spine窗口: Spine Trial Spine
2025-09-18 09:16:28,549 - INFO - 未找到Spine窗口，将使用全屏操作
2025-09-18 09:16:28,549 - INFO - 步骤1: 点击筛选图标
2025-09-18 09:16:28,766 - INFO - 截图已保存到本地: screenshot_20250918_091628_739745.png
2025-09-18 09:16:29,026 - INFO - 找到模板匹配: templates/filter_icon.png, 置信度: 0.881, 位置: (2685, 196)
2025-09-18 09:16:29,026 - INFO - 准备点击位置: (1000, 500)
2025-09-18 09:16:29,026 - INFO - 尝试激活Spine窗口...
2025-09-18 09:16:29,112 - WARNING - AppleScript激活失败: 54:62: execution error: 不能获得“application "Spine"”。 (-1728)

2025-09-18 09:16:30,247 - WARNING - AppleScript点击失败: 121:129: execution error: 不能获得“application "Spine"”。 (-1728)

2025-09-18 09:16:30,247 - WARNING - AppleScript点击失败，回退到PyAutoGUI
2025-09-18 09:16:31,708 - INFO - PyAutoGUI备用点击完成: (1000, 500)
2025-09-18 09:16:33,710 - INFO - 步骤2: 点击网格菜单选项
2025-09-18 09:16:34,465 - INFO - 截图已保存到本地: screenshot_20250918_091634_439882.png
2025-09-18 09:16:34,880 - INFO - 找到模板匹配: templates/grid_menu_option.png, 置信度: 0.999, 位置: (2760, 460)
2025-09-18 09:16:34,880 - INFO - 准备点击位置: (1000, 500)
2025-09-18 09:16:34,880 - INFO - 尝试激活Spine窗口...
2025-09-18 09:16:34,972 - WARNING - AppleScript激活失败: 54:62: execution error: 不能获得“application "Spine"”。 (-1728)

2025-09-18 09:16:36,095 - WARNING - AppleScript点击失败: 121:129: execution error: 不能获得“application "Spine"”。 (-1728)

2025-09-18 09:16:36,095 - WARNING - AppleScript点击失败，回退到PyAutoGUI
2025-09-18 09:16:37,529 - INFO - PyAutoGUI备用点击完成: (1000, 500)
2025-09-18 09:16:39,533 - INFO - 步骤3: 点击附件节点
2025-09-18 09:16:40,278 - INFO - 截图已保存到本地: screenshot_20250918_091640_251871.png
2025-09-18 09:16:40,546 - WARNING - 未找到附件节点
2025-09-18 09:16:40,546 - ERROR - 点击附件节点失败
2025-09-18 09:17:12,456 - INFO - 开始执行Spine自动化流程
2025-09-18 09:17:14,179 - INFO - ✅ 辅助功能权限检查通过
2025-09-18 09:17:14,181 - INFO - 找到Spine窗口: Spine Trial Spine
2025-09-18 09:17:14,181 - INFO - 未找到Spine窗口，将使用全屏操作
2025-09-18 09:17:14,181 - INFO - 步骤1: 点击筛选图标
2025-09-18 09:17:14,412 - INFO - 截图已保存到本地: screenshot_20250918_091714_386330.png
2025-09-18 09:17:14,666 - INFO - 找到模板匹配: templates/filter_icon.png, 置信度: 0.992, 位置: (2685, 196)
2025-09-18 09:17:14,667 - INFO - 准备点击位置: (1000, 500)
2025-09-18 09:17:14,667 - INFO - 尝试激活Spine窗口...
2025-09-18 09:17:14,740 - WARNING - AppleScript激活失败: 54:62: execution error: 不能获得“application "Spine"”。 (-1728)

2025-09-18 09:17:15,870 - WARNING - AppleScript点击失败: 121:129: execution error: 不能获得“application "Spine"”。 (-1728)

2025-09-18 09:17:15,870 - WARNING - AppleScript点击失败，回退到PyAutoGUI
2025-09-18 09:17:17,295 - INFO - PyAutoGUI备用点击完成: (1000, 500)
2025-09-18 09:17:19,298 - INFO - 步骤2: 点击网格菜单选项
2025-09-18 09:17:20,046 - INFO - 截图已保存到本地: screenshot_20250918_091720_021225.png
2025-09-18 09:17:20,447 - WARNING - 未找到网格菜单选项
2025-09-18 09:17:20,448 - ERROR - 点击网格菜单选项失败
2025-09-18 09:18:24,104 - INFO - Spine自动化脚本初始化完成
2025-09-18 09:18:31,757 - INFO - 开始执行Spine自动化流程
2025-09-18 09:18:33,474 - INFO - ✅ 辅助功能权限检查通过
2025-09-18 09:18:33,525 - INFO - 找到Spine窗口: Spine Trial Spine
2025-09-18 09:18:33,525 - INFO - 未找到Spine窗口，将使用全屏操作
2025-09-18 09:18:33,525 - INFO - 步骤1: 点击筛选图标
2025-09-18 09:18:33,723 - INFO - 截图已保存到本地: screenshot_20250918_091833_697875.png
2025-09-18 09:18:33,980 - INFO - 找到模板匹配: templates/filter_icon.png, 置信度: 0.992, 位置: (2685, 196)
2025-09-18 09:18:33,981 - INFO - 准备点击位置: (1150, 300)
2025-09-18 09:18:33,981 - INFO - 尝试激活Spine窗口...
2025-09-18 09:18:34,066 - WARNING - AppleScript激活失败: 54:62: execution error: 不能获得“application "Spine"”。 (-1728)

2025-09-18 09:18:35,186 - WARNING - AppleScript点击失败: 121:129: execution error: 不能获得“application "Spine"”。 (-1728)

2025-09-18 09:18:35,187 - WARNING - AppleScript点击失败，回退到PyAutoGUI
2025-09-18 09:18:36,643 - INFO - PyAutoGUI备用点击完成: (1150, 300)
2025-09-18 09:18:38,646 - INFO - 步骤2: 点击网格菜单选项
2025-09-18 09:18:39,393 - INFO - 截图已保存到本地: screenshot_20250918_091839_368508.png
2025-09-18 09:18:39,803 - WARNING - 未找到网格菜单选项
2025-09-18 09:18:39,804 - ERROR - 点击网格菜单选项失败
2025-09-18 09:20:32,899 - INFO - Spine自动化脚本初始化完成
2025-09-18 09:20:38,991 - INFO - 开始执行Spine自动化流程
2025-09-18 09:20:40,755 - INFO - ✅ 辅助功能权限检查通过
2025-09-18 09:20:40,812 - INFO - 找到Spine窗口: Spine Trial Spine
2025-09-18 09:20:40,812 - INFO - 未找到Spine窗口，将使用全屏操作
2025-09-18 09:20:40,812 - INFO - 步骤1: 点击筛选图标
2025-09-18 09:20:41,029 - INFO - 截图已保存到本地: screenshot_20250918_092041_004597.png
2025-09-18 09:20:41,287 - INFO - 找到模板匹配: templates/filter_icon.png, 置信度: 0.992, 位置: (2685, 196)
2025-09-18 09:20:41,287 - INFO - 准备点击位置: (1281, 295)
2025-09-18 09:20:41,287 - INFO - 尝试激活Spine窗口...
2025-09-18 09:20:41,372 - WARNING - AppleScript激活失败: 54:62: execution error: 不能获得“application "Spine"”。 (-1728)

2025-09-18 09:20:42,507 - WARNING - AppleScript点击失败: 121:129: execution error: 不能获得“application "Spine"”。 (-1728)

2025-09-18 09:20:42,507 - WARNING - AppleScript点击失败，回退到PyAutoGUI
2025-09-18 09:20:43,967 - INFO - PyAutoGUI备用点击完成: (1281, 295)
2025-09-18 09:20:45,969 - INFO - 步骤2: 点击网格菜单选项
2025-09-18 09:20:46,690 - INFO - 截图已保存到本地: screenshot_20250918_092046_665436.png
2025-09-18 09:20:47,109 - WARNING - 未找到网格菜单选项
2025-09-18 09:20:47,109 - ERROR - 点击网格菜单选项失败
2025-09-18 09:29:37,938 - INFO - Spine自动化脚本初始化完成
2025-09-18 09:31:27,521 - INFO - Spine自动化脚本初始化完成
2025-09-18 09:31:29,945 - INFO - 开始执行Spine自动化流程
2025-09-18 09:31:35,152 - INFO - ✅ 辅助功能权限检查通过
2025-09-18 09:31:35,192 - INFO - 找到Spine窗口: Spine Trial Spine
2025-09-18 09:31:35,227 - INFO - 检测到有效的应用程序名称: Spine Trial
2025-09-18 09:31:35,228 - INFO - 配置文件已保存
2025-09-18 09:31:35,228 - INFO - 自动检测到应用程序名称: Spine Trial
2025-09-18 09:31:35,228 - INFO - 未找到Spine窗口，将使用全屏操作
2025-09-18 09:31:35,228 - INFO - 步骤1: 点击筛选图标
2025-09-18 09:31:35,710 - INFO - 找到模板匹配: templates/filter_icon.png, 置信度: 0.992, 位置: (2685, 196)
2025-09-18 09:31:35,711 - INFO - 准备点击位置: (1281, 295)
2025-09-18 09:31:35,711 - INFO - 尝试激活Spine Trial窗口...
2025-09-18 09:31:36,553 - INFO - Spine Trial窗口已激活
2025-09-18 09:31:37,967 - INFO - AppleScript点击成功: (1281, 295)
2025-09-18 09:31:39,977 - INFO - 步骤2: 点击网格菜单选项
2025-09-18 09:31:41,124 - WARNING - 未找到网格菜单选项
2025-09-18 09:31:41,124 - ERROR - 点击网格菜单选项失败
2025-09-18 09:31:55,045 - INFO - 开始执行Spine自动化流程
2025-09-18 09:31:56,759 - INFO - ✅ 辅助功能权限检查通过
2025-09-18 09:31:56,761 - INFO - 找到Spine窗口: Spine Trial Spine
2025-09-18 09:31:56,761 - INFO - 未找到Spine窗口，将使用全屏操作
2025-09-18 09:31:56,762 - INFO - 步骤1: 点击筛选图标
2025-09-18 09:31:57,254 - INFO - 找到模板匹配: templates/filter_icon.png, 置信度: 0.992, 位置: (2685, 196)
2025-09-18 09:31:57,254 - INFO - 准备点击位置: (1281, 295)
2025-09-18 09:31:57,254 - INFO - 尝试激活Spine Trial窗口...
2025-09-18 09:31:58,101 - INFO - Spine Trial窗口已激活
2025-09-18 09:31:59,507 - INFO - AppleScript点击成功: (1281, 295)
2025-09-18 09:32:01,516 - INFO - 步骤2: 点击网格菜单选项
2025-09-18 09:32:02,670 - WARNING - 未找到网格菜单选项
2025-09-18 09:32:02,670 - ERROR - 点击网格菜单选项失败
2025-09-18 09:35:53,821 - INFO - Spine自动化脚本初始化完成
2025-09-18 09:36:00,286 - INFO - 开始执行Spine自动化流程
2025-09-18 09:36:01,995 - INFO - ✅ 辅助功能权限检查通过
2025-09-18 09:36:02,052 - INFO - 找到Spine窗口: Spine Trial Spine
2025-09-18 09:36:02,052 - INFO - 未找到Spine窗口，将使用全屏操作
2025-09-18 09:36:02,052 - INFO - 步骤1: 点击筛选图标
2025-09-18 09:36:02,540 - INFO - 找到模板匹配: templates/filter_icon.png, 置信度: 0.992, 位置: (2685, 196)
2025-09-18 09:36:02,541 - INFO - 准备点击位置: (1281, 295)
2025-09-18 09:36:02,541 - INFO - 尝试激活Spine Trial窗口...
2025-09-18 09:36:03,374 - INFO - Spine Trial窗口已激活
2025-09-18 09:36:05,672 - INFO - PyAutoGUI点击完成: (1281, 295)
2025-09-18 09:36:07,676 - INFO - 步骤2: 点击网格菜单选项
2025-09-18 09:36:08,842 - WARNING - 未找到网格菜单选项
2025-09-18 09:36:08,842 - ERROR - 点击网格菜单选项失败
2025-09-18 09:36:51,433 - INFO - Spine自动化脚本初始化完成
2025-09-18 09:36:53,684 - INFO - 开始执行Spine自动化流程
2025-09-18 09:36:55,386 - INFO - ✅ 辅助功能权限检查通过
2025-09-18 09:36:55,435 - INFO - 找到Spine窗口: Spine Trial Spine
2025-09-18 09:36:55,435 - INFO - 未找到Spine窗口，将使用全屏操作
2025-09-18 09:36:55,436 - INFO - 步骤1: 点击筛选图标
2025-09-18 09:36:55,916 - INFO - 找到模板匹配: templates/filter_icon.png, 置信度: 0.992, 位置: (2685, 196)
2025-09-18 09:36:55,917 - INFO - 准备点击位置: (1281, 295)
2025-09-18 09:36:55,917 - INFO - 尝试激活Spine Trial窗口...
2025-09-18 09:36:56,761 - INFO - Spine Trial窗口已激活
2025-09-18 09:36:59,049 - INFO - PyAutoGUI点击完成: (1281, 295)
2025-09-18 09:37:01,048 - INFO - 步骤2: 点击网格菜单选项
2025-09-18 09:37:02,195 - WARNING - 未找到网格菜单选项
2025-09-18 09:37:02,195 - ERROR - 点击网格菜单选项失败
2025-09-18 09:37:08,598 - INFO - Spine自动化脚本初始化完成
2025-09-18 09:37:10,274 - INFO - 开始执行Spine自动化流程
2025-09-18 09:37:11,982 - INFO - ✅ 辅助功能权限检查通过
2025-09-18 09:37:12,034 - INFO - 找到Spine窗口: Spine Trial Spine
2025-09-18 09:37:12,035 - INFO - 未找到Spine窗口，将使用全屏操作
2025-09-18 09:37:12,035 - INFO - 步骤1: 点击筛选图标
2025-09-18 09:37:12,507 - INFO - 找到模板匹配: templates/filter_icon.png, 置信度: 0.992, 位置: (2685, 196)
2025-09-18 09:37:12,508 - INFO - 准备点击位置: (1281, 295)
2025-09-18 09:37:12,508 - INFO - 尝试激活Spine Trial窗口...
2025-09-18 09:37:13,356 - INFO - Spine Trial窗口已激活
2025-09-18 09:37:15,647 - INFO - PyAutoGUI点击完成: (1281, 295)
2025-09-18 09:37:17,648 - INFO - 步骤2: 点击网格菜单选项
2025-09-18 09:37:18,815 - WARNING - 未找到网格菜单选项
2025-09-18 09:37:18,815 - ERROR - 点击网格菜单选项失败
2025-09-18 09:38:40,548 - INFO - Spine自动化脚本初始化完成
2025-09-18 09:38:42,358 - INFO - 开始执行Spine自动化流程
2025-09-18 09:38:44,067 - INFO - ✅ 辅助功能权限检查通过
2025-09-18 09:38:44,124 - INFO - 找到Spine窗口: Spine Trial Spine
2025-09-18 09:38:44,124 - INFO - 未找到Spine窗口，将使用全屏操作
2025-09-18 09:38:44,124 - INFO - 步骤1: 点击筛选图标
2025-09-18 09:38:44,652 - INFO - 找到模板匹配: templates/filter_icon.png, 置信度: 0.992, 位置: (2685, 196)
2025-09-18 09:38:44,652 - INFO - 准备点击位置: (1341, 83)
2025-09-18 09:38:44,653 - INFO - 尝试激活Spine Trial窗口...
2025-09-18 09:38:45,498 - INFO - Spine Trial窗口已激活
2025-09-18 09:38:47,786 - INFO - PyAutoGUI点击完成: (1341, 83)
2025-09-18 09:38:49,790 - INFO - 步骤2: 点击网格菜单选项
2025-09-18 09:38:50,939 - WARNING - 未找到网格菜单选项
2025-09-18 09:38:50,940 - ERROR - 点击网格菜单选项失败
2025-09-18 09:39:19,513 - INFO - Spine自动化脚本初始化完成
2025-09-18 09:39:21,837 - INFO - 开始执行Spine自动化流程
2025-09-18 09:39:28,054 - INFO - ✅ 辅助功能权限检查通过
2025-09-18 09:39:28,114 - INFO - 找到Spine窗口: Spine Trial Spine
2025-09-18 09:39:28,114 - INFO - 未找到Spine窗口，将使用全屏操作
2025-09-18 09:39:28,114 - INFO - 步骤1: 点击筛选图标
2025-09-18 09:39:28,589 - INFO - 找到模板匹配: templates/filter_icon.png, 置信度: 0.992, 位置: (2685, 196)
2025-09-18 09:39:28,590 - INFO - 准备点击位置: (1341, 88)
2025-09-18 09:39:28,590 - INFO - 尝试激活Spine Trial窗口...
2025-09-18 09:39:29,422 - INFO - Spine Trial窗口已激活
2025-09-18 09:39:31,718 - INFO - PyAutoGUI点击完成: (1341, 88)
2025-09-18 09:39:33,722 - INFO - 步骤2: 点击网格菜单选项
2025-09-18 09:39:34,868 - INFO - 找到模板匹配: templates/grid_menu_option.png, 置信度: 0.999, 位置: (2760, 460)
2025-09-18 09:39:34,869 - INFO - 准备点击位置: (1341, 88)
2025-09-18 09:39:34,869 - INFO - 尝试激活Spine Trial窗口...
2025-09-18 09:39:35,708 - INFO - Spine Trial窗口已激活
2025-09-18 09:39:37,108 - INFO - AppleScript点击成功: (1341, 88)
2025-09-18 09:39:39,111 - INFO - 步骤3: 点击附件节点
2025-09-18 09:39:40,120 - WARNING - 未找到附件节点
2025-09-18 09:39:40,120 - ERROR - 点击附件节点失败
2025-09-18 09:45:36,462 - INFO - Spine自动化脚本初始化完成
2025-09-18 09:45:45,243 - INFO - 开始执行Spine自动化流程
2025-09-18 09:45:50,352 - INFO - ✅ 辅助功能权限检查通过
2025-09-18 09:45:50,409 - INFO - 找到Spine窗口: Spine Trial Spine
2025-09-18 09:45:50,409 - INFO - 未找到Spine窗口，将使用全屏操作
2025-09-18 09:45:50,409 - INFO - 步骤1: 点击筛选图标
2025-09-18 09:45:50,913 - INFO - 找到模板匹配: templates/filter_icon.png, 置信度: 0.992, 位置: (2685, 196)
2025-09-18 09:45:50,913 - INFO - 准备点击位置: (1341, 88)
2025-09-18 09:45:50,914 - INFO - 尝试激活Spine Trial窗口...
2025-09-18 09:45:51,780 - INFO - Spine Trial窗口已激活
2025-09-18 09:45:54,068 - INFO - PyAutoGUI点击完成: (1341, 88)
2025-09-18 09:45:56,072 - INFO - 步骤2: 点击网格菜单选项
2025-09-18 09:45:57,222 - INFO - 找到模板匹配: templates/grid_menu_option.png, 置信度: 0.999, 位置: (2760, 460)
2025-09-18 09:45:57,224 - INFO - 准备点击位置: (1341, 88)
2025-09-18 09:45:57,224 - INFO - 尝试激活Spine Trial窗口...
2025-09-18 09:45:58,081 - INFO - Spine Trial窗口已激活
2025-09-18 09:46:00,313 - INFO - PyAutoGUI点击完成: (1341, 88)
2025-09-18 09:46:02,316 - INFO - 步骤3: 点击附件节点
2025-09-18 09:46:03,301 - WARNING - 未找到附件节点
2025-09-18 09:46:03,301 - ERROR - 点击附件节点失败
2025-09-18 09:48:36,419 - INFO - Spine自动化脚本初始化完成
2025-09-18 09:48:37,795 - INFO - 开始执行Spine自动化流程
2025-09-18 09:48:39,537 - INFO - ✅ 辅助功能权限检查通过
2025-09-18 09:48:39,598 - INFO - 找到Spine窗口: Spine Trial Spine
2025-09-18 09:48:39,599 - INFO - 未找到Spine窗口，将使用全屏操作
2025-09-18 09:48:39,599 - INFO - 步骤1: 点击筛选图标
2025-09-18 09:48:40,044 - INFO - 找到模板匹配: templates/filter_icon.png, 置信度: 0.992, 位置: (2685, 196)
2025-09-18 09:48:40,044 - INFO - filter_pos: 2685 196
2025-09-18 09:48:40,044 - INFO - 准备点击位置: (1341, 88)
2025-09-18 09:48:40,044 - INFO - 尝试激活Spine Trial窗口...
2025-09-18 09:48:40,904 - INFO - Spine Trial窗口已激活
2025-09-18 09:48:43,203 - INFO - PyAutoGUI点击完成: (1341, 88)
2025-09-18 09:48:45,205 - INFO - 步骤2: 点击网格菜单选项
2025-09-18 09:48:46,336 - INFO - 找到模板匹配: templates/grid_menu_option.png, 置信度: 0.999, 位置: (2760, 460)
2025-09-18 09:48:46,336 - INFO - 准备点击位置: (1341, 88)
2025-09-18 09:48:46,336 - INFO - 尝试激活Spine Trial窗口...
2025-09-18 09:48:47,189 - INFO - Spine Trial窗口已激活
2025-09-18 09:48:49,423 - INFO - PyAutoGUI点击完成: (1341, 88)
2025-09-18 09:48:51,426 - INFO - 步骤3: 点击附件节点
2025-09-18 09:48:52,431 - WARNING - 未找到附件节点
2025-09-18 09:48:52,432 - ERROR - 点击附件节点失败
2025-09-18 09:50:08,762 - INFO - Spine自动化脚本初始化完成
2025-09-18 09:50:11,270 - INFO - 开始执行Spine自动化流程
2025-09-18 09:50:12,996 - INFO - ✅ 辅助功能权限检查通过
2025-09-18 09:50:13,070 - INFO - 找到Spine窗口: Spine Trial Spine
2025-09-18 09:50:13,070 - INFO - 未找到Spine窗口，将使用全屏操作
2025-09-18 09:50:13,071 - INFO - 步骤1: 点击筛选图标
2025-09-18 09:50:13,520 - INFO - 找到模板匹配: templates/filter_icon.png, 置信度: 0.992, 位置: (2685, 196)
2025-09-18 09:50:13,521 - INFO - filter_pos: 2685 196
2025-09-18 09:50:13,521 - INFO - 准备点击位置: (1341, 88)
2025-09-18 09:50:13,521 - INFO - 尝试激活Spine Trial窗口...
2025-09-18 09:50:14,383 - INFO - Spine Trial窗口已激活
2025-09-18 09:50:16,680 - INFO - PyAutoGUI点击完成: (1341, 88)
2025-09-18 09:50:18,683 - INFO - 步骤2: 点击网格菜单选项
2025-09-18 09:50:19,822 - WARNING - 未找到网格菜单选项
2025-09-18 09:50:19,822 - ERROR - 点击网格菜单选项失败
2025-09-18 09:50:41,039 - INFO - Spine自动化脚本初始化完成
2025-09-18 09:50:42,737 - INFO - 开始执行Spine自动化流程
2025-09-18 09:50:44,471 - INFO - ✅ 辅助功能权限检查通过
2025-09-18 09:50:44,552 - INFO - 找到Spine窗口: Spine Trial Spine
2025-09-18 09:50:44,552 - INFO - 未找到Spine窗口，将使用全屏操作
2025-09-18 09:50:44,552 - INFO - 步骤1: 点击筛选图标
2025-09-18 09:50:45,005 - INFO - 找到模板匹配: templates/filter_icon.png, 置信度: 0.992, 位置: (2685, 196)
2025-09-18 09:50:45,006 - INFO - filter_pos: 2685 196
2025-09-18 09:54:48,568 - INFO - Spine自动化脚本初始化完成
2025-09-18 09:55:15,765 - INFO - Spine自动化脚本初始化完成
2025-09-18 09:55:17,247 - INFO - 开始执行Spine自动化流程
2025-09-18 09:55:23,473 - INFO - ✅ 辅助功能权限检查通过
2025-09-18 09:55:23,538 - INFO - 找到Spine窗口: Spine Trial Spine
2025-09-18 09:55:23,538 - INFO - 未找到Spine窗口，将使用全屏操作
2025-09-18 09:55:23,538 - INFO - 步骤1: 点击筛选图标
2025-09-18 09:55:23,736 - INFO - 截图已保存到本地: screenshot_20250918_095523_714784.png
2025-09-18 09:55:24,081 - INFO - 找到模板匹配: templates/filter_icon.png, 置信度: 0.997, 位置: (998, 848)
2025-09-18 09:55:24,082 - INFO - filter_pos: 998 848
2025-09-18 09:55:24,082 - INFO - 准备点击位置: (998, 848)
2025-09-18 09:55:24,082 - INFO - 尝试激活Spine Trial窗口...
2025-09-18 09:55:24,942 - INFO - Spine Trial窗口已激活
2025-09-18 09:55:27,222 - INFO - PyAutoGUI点击完成: (998, 848)
2025-09-18 09:55:29,226 - INFO - 步骤2: 点击网格菜单选项
2025-09-18 09:55:29,941 - INFO - 截图已保存到本地: screenshot_20250918_095529_919155.png
2025-09-18 09:55:30,367 - WARNING - 未找到网格菜单选项
2025-09-18 09:55:30,367 - ERROR - 点击网格菜单选项失败
2025-09-18 10:03:14,620 - INFO - Spine自动化脚本初始化完成
2025-09-18 10:03:40,088 - INFO - 开始执行Spine自动化流程
2025-09-18 10:03:45,439 - INFO - ✅ 辅助功能权限检查通过
2025-09-18 10:03:45,500 - INFO - 找到Spine窗口: Spine Trial Spine
2025-09-18 10:03:45,500 - INFO - 未找到Spine窗口，将使用全屏操作
2025-09-18 10:03:45,500 - INFO - 步骤1: 点击筛选图标
2025-09-18 10:03:45,720 - INFO - 截图已保存到本地: screenshot_20250918_100345_695878.png
2025-09-18 10:03:46,483 - INFO - 多方法匹配成功 (相关性): templates/filter_icon.png, 置信度: 0.999, 位置: (2685, 196)
2025-09-18 10:03:46,484 - INFO - filter_pos: 2685 196
2025-09-18 10:03:46,484 - INFO - 准备点击位置: (2685, 196)
2025-09-18 10:03:46,484 - INFO - 尝试激活Spine Trial窗口...
2025-09-18 10:03:47,347 - INFO - Spine Trial窗口已激活
2025-09-18 10:03:49,630 - INFO - PyAutoGUI点击完成: (2685, 196)
2025-09-18 10:03:50,631 - INFO - 等待点击效果生效...
2025-09-18 10:03:52,635 - INFO - 步骤2: 点击网格菜单选项
2025-09-18 10:03:53,380 - INFO - 截图已保存到本地: screenshot_20250918_100353_355149.png
2025-09-18 10:03:54,636 - INFO - 多方法匹配成功 (相关性): templates/grid_menu_option.png, 置信度: 0.948, 位置: (2858, 286)
2025-09-18 10:03:54,636 - INFO - 准备点击位置: (2858, 286)
2025-09-18 10:03:54,636 - INFO - 尝试激活Spine Trial窗口...
2025-09-18 10:03:55,502 - INFO - Spine Trial窗口已激活
2025-09-18 10:03:57,733 - INFO - PyAutoGUI点击完成: (2858, 286)
2025-09-18 10:03:58,734 - INFO - 网格菜单点击完成，等待界面更新...
2025-09-18 10:03:59,737 - INFO - 步骤3: 点击附件节点
2025-09-18 10:04:00,478 - INFO - 截图已保存到本地: screenshot_20250918_100400_452635.png
2025-09-18 10:04:01,263 - INFO - 多方法匹配成功 (相关性): templates/attachment_node.png, 置信度: 0.934, 位置: (2878, 278)
2025-09-18 10:04:01,263 - INFO - 准备点击位置: (2878, 278)
2025-09-18 10:04:01,263 - INFO - 尝试激活Spine Trial窗口...
2025-09-18 10:04:02,125 - INFO - Spine Trial窗口已激活
2025-09-18 10:04:04,355 - INFO - PyAutoGUI点击完成: (2878, 278)
2025-09-18 10:04:05,356 - INFO - 附件节点点击完成，等待子节点展开...
2025-09-18 10:04:07,359 - INFO - 步骤4: 开始处理附件子节点
2025-09-18 10:04:07,359 - INFO - 处理子节点 1/13: raptor-body
2025-09-18 10:04:07,583 - INFO - 截图已保存到本地: screenshot_20250918_100407_559754.png
2025-09-18 10:04:08,524 - INFO - 多方法匹配成功 (相关性): templates/raptor-body.png, 置信度: 0.943, 位置: (2357, 304)
2025-09-18 10:04:08,524 - INFO - 准备点击位置: (2357, 304)
2025-09-18 10:04:08,524 - INFO - 尝试激活Spine Trial窗口...
2025-09-18 10:04:09,388 - INFO - Spine Trial窗口已激活
2025-09-18 10:04:21,701 - INFO - Spine自动化脚本初始化完成
2025-09-18 10:04:28,260 - INFO - 开始执行Spine自动化流程
2025-09-18 10:04:29,999 - INFO - ✅ 辅助功能权限检查通过
2025-09-18 10:04:30,026 - INFO - 找到Spine窗口: Spine Trial Spine
2025-09-18 10:04:30,026 - INFO - 未找到Spine窗口，将使用全屏操作
2025-09-18 10:04:30,026 - INFO - 步骤1: 点击筛选图标
2025-09-18 10:04:30,208 - INFO - 截图已保存到本地: screenshot_20250918_100430_183880.png
2025-09-18 10:04:30,980 - INFO - 多方法匹配成功 (相关性): templates/filter_icon.png, 置信度: 0.999, 位置: (2685, 196)
2025-09-18 10:04:30,980 - INFO - filter_pos: 2685 196
2025-09-18 10:04:30,980 - INFO - 准备点击位置: (2685, 196)
2025-09-18 10:04:30,981 - INFO - 尝试激活Spine Trial窗口...
2025-09-18 10:04:31,838 - INFO - Spine Trial窗口已激活
2025-09-18 10:04:34,125 - INFO - PyAutoGUI点击完成: (2685, 196)
2025-09-18 10:04:35,127 - INFO - 等待点击效果生效...
2025-09-18 10:04:37,129 - INFO - 步骤2: 点击网格菜单选项
2025-09-18 10:04:37,880 - INFO - 截图已保存到本地: screenshot_20250918_100437_855618.png
2025-09-18 10:04:39,141 - INFO - 多方法匹配成功 (相关性): templates/grid_menu_option.png, 置信度: 0.948, 位置: (2858, 286)
2025-09-18 10:04:39,142 - INFO - 准备点击位置: (2858, 286)
2025-09-18 10:04:39,142 - INFO - 尝试激活Spine Trial窗口...
2025-09-18 10:04:40,001 - INFO - Spine Trial窗口已激活
2025-09-18 10:04:42,231 - INFO - PyAutoGUI点击完成: (2858, 286)
2025-09-18 10:04:43,232 - INFO - 网格菜单点击完成，等待界面更新...
2025-09-18 10:04:44,235 - INFO - 步骤3: 点击附件节点
2025-09-18 10:06:09,342 - INFO - Spine自动化脚本初始化完成
2025-09-18 10:06:12,081 - INFO - 开始执行Spine自动化流程
2025-09-18 10:06:16,614 - INFO - ✅ 辅助功能权限检查通过
2025-09-18 10:06:16,667 - INFO - 找到Spine窗口: Spine Trial Spine
2025-09-18 10:06:16,667 - INFO - 未找到Spine窗口，将使用全屏操作
2025-09-18 10:06:16,667 - INFO - 步骤1: 点击筛选图标
2025-09-18 10:06:16,890 - INFO - 截图已保存到本地: screenshot_20250918_100616_859431.png
2025-09-18 10:06:17,667 - INFO - 多方法匹配成功 (相关性): templates/filter_icon.png, 置信度: 0.999, 位置: (2685, 254)
2025-09-18 10:06:17,667 - INFO - filter_pos: 2685 254
2025-09-18 10:06:17,667 - INFO - 准备点击位置: (2685, 254)
2025-09-18 10:06:17,667 - INFO - 尝试激活Spine Trial窗口...
2025-09-18 10:06:18,548 - INFO - Spine Trial窗口已激活
2025-09-18 10:06:20,842 - INFO - PyAutoGUI点击完成: (2685, 254)
2025-09-18 10:06:21,843 - INFO - 等待点击效果生效...
2025-09-18 10:06:23,846 - INFO - 步骤2: 点击网格菜单选项
2025-09-18 10:06:24,574 - INFO - 截图已保存到本地: screenshot_20250918_100624_543607.png
2025-09-18 10:06:25,867 - INFO - 多方法匹配成功 (相关性): templates/grid_menu_option.png, 置信度: 0.948, 位置: (2718, 344)
2025-09-18 10:06:25,868 - INFO - 准备点击位置: (2718, 344)
2025-09-18 10:06:25,868 - INFO - 尝试激活Spine Trial窗口...
2025-09-18 10:06:26,708 - INFO - Spine Trial窗口已激活
2025-09-18 10:06:28,936 - INFO - PyAutoGUI点击完成: (2718, 344)
2025-09-18 10:06:29,937 - INFO - 网格菜单点击完成，等待界面更新...
2025-09-18 10:06:30,940 - INFO - 步骤3: 点击附件节点
2025-09-18 10:06:31,684 - INFO - 截图已保存到本地: screenshot_20250918_100631_652056.png
2025-09-18 10:06:32,529 - INFO - 多方法匹配成功 (相关性): templates/attachment_node.png, 置信度: 0.933, 位置: (1937, 95)
2025-09-18 10:06:32,529 - INFO - 准备点击位置: (1937, 95)
2025-09-18 10:06:32,529 - INFO - 尝试激活Spine Trial窗口...
2025-09-18 10:06:33,388 - INFO - Spine Trial窗口已激活
2025-09-18 10:06:35,621 - INFO - PyAutoGUI点击完成: (1937, 95)
2025-09-18 10:06:36,622 - INFO - 附件节点点击完成，等待子节点展开...
2025-09-18 10:06:38,625 - INFO - 步骤4: 开始处理附件子节点
2025-09-18 10:06:38,626 - INFO - 处理子节点 1/13: raptor-body
2025-09-18 10:06:38,863 - INFO - 截图已保存到本地: screenshot_20250918_100638_829624.png
2025-09-18 10:06:39,851 - INFO - 多方法匹配成功 (相关性): templates/raptor-body.png, 置信度: 0.943, 位置: (2357, 362)
2025-09-18 10:06:39,851 - INFO - 准备点击位置: (2357, 362)
2025-09-18 10:06:39,851 - INFO - 尝试激活Spine Trial窗口...
2025-09-18 10:06:40,695 - INFO - Spine Trial窗口已激活
2025-09-18 10:06:42,928 - INFO - PyAutoGUI点击完成: (2357, 362)
2025-09-18 10:06:43,930 - INFO - 成功处理子节点: raptor-body
